---------------------------------------------------------------
[ 2020-01-26T21:29:43+08:00 ] 127.0.0.1 GET 127.0.0.1/heimamm/public/captcha?type=login
[运行时间：0.101294s] [吞吐率：9.87req/s] [内存消耗：1,540.49kb] [文件加载：48]
[ info ] [ LANG ] D:\phpstudy2018\PHPTutorial\WWW\heimamm\thinkphp\lang\zh-cn.php
[ info ] [ ROUTE ] array (
  'type' => 'module',
  'module' => 
  array (
    0 => 'api',
    1 => 'account',
    2 => 'captcha',
  ),
  'convert' => false,
)
[ info ] [ HEADER ] array (
  'accept-language' => 'zh-CN,zh;q=0.9,zh-HK;q=0.8,zh-TW;q=0.7',
  'accept-encoding' => 'gzip, deflate, br',
  'sec-fetch-site' => 'none',
  'accept' => 'text/html,application/xhtml+xml,application/xml;q=0.9,image/webp,image/apng,*/*;q=0.8,application/signed-exchange;v=b3',
  'sec-fetch-user' => '?1',
  'sec-fetch-mode' => 'navigate',
  'user-agent' => 'Mozilla/5.0 (Windows NT 10.0; Win64; x64) AppleWebKit/537.36 (KHTML, like Gecko) Chrome/77.0.3865.75 Safari/537.36',
  'upgrade-insecure-requests' => '1',
  'cache-control' => 'max-age=0',
  'connection' => 'close',
  'host' => '127.0.0.1',
)
[ info ] [ PARAM ] array (
  'type' => 'login',
)
[ info ] [ RUN ] app\api\controller\Account->captcha[ D:\phpstudy2018\PHPTutorial\WWW\heimamm\application\api\controller\Account.php ]
[ info ] [ SESSION ] INIT array (
  'id' => '',
  'var_session_id' => '',
  'prefix' => 'think',
  'type' => '',
  'auto_start' => true,
)
[ info ] [ LOG ] INIT File
